<?xml version="1.0" encoding="UTF-8"?>
<!-- Generated by org.testng.reporters.JUnitXMLReporter -->
<testsuite hostname="Dizerc" ignored="2" name="Sapling App Test Cases" tests="5" failures="1" timestamp="04 Dec 2018 09:32:11 GMT" time="50.128" errors="0">
  <testcase name="loginPageTitleTest" time="0.014" classname="com.sapling.qa.testcases.LoginPageTest"/>
  <testcase name="verifyHomePageTitleTest" time="0.005" classname="com.sapling.qa.testcases.HomePageTest"/>
  <testcase name="SaplingLogoImageTest" time="1.265" classname="com.sapling.qa.testcases.LoginPageTest">
    <failure type="java.lang.AssertionError" message="expected [true] but found [false]">
      <![CDATA[java.lang.AssertionError: expected [true] but found [false]
	at com.sapling.qa.testcases.LoginPageTest.SaplingLogoImageTest(LoginPageTest.java:35)
... Removed 29 stack frames]]>
    </failure>
  </testcase> <!-- SaplingLogoImageTest -->
  <testcase name="verifysignoff" time="2.951" classname="com.sapling.qa.testcases.HomePageTest"/>
  <testcase name="loginTest" time="1.311" classname="com.sapling.qa.testcases.LoginPageTest"/>
  <testcase name="verifyUserNameTest" time="0.0" classname="com.sapling.qa.testcases.HomePageTest">
    <ignored/>
  </testcase> <!-- verifyUserNameTest -->
  <testcase name="verifyContactsLinkTest" time="0.0" classname="com.sapling.qa.testcases.HomePageTest">
    <ignored/>
  </testcase> <!-- verifyContactsLinkTest -->
</testsuite> <!-- Sapling App Test Cases -->
