<?xml version="1.0" encoding="UTF-8"?>
<!-- Generated by org.testng.reporters.JUnitXMLReporter -->
<testsuite hostname="Dizerc" ignored="2" name="Free CRM App Test Cases" tests="5" failures="1" timestamp="04 Dec 2018 08:23:11 GMT" time="54.287" errors="0">
  <testcase name="loginPageTitleTest" time="0.013" classname="com.sapling.qa.testcases.LoginPageTest"/>
  <testcase name="verifyHomePageTitleTest" time="0.012" classname="com.sapling.qa.testcases.HomePageTest"/>
  <testcase name="SaplingLogoImageTest" time="1.004" classname="com.sapling.qa.testcases.LoginPageTest">
    <failure type="java.lang.AssertionError" message="expected [true] but found [false]">
      <![CDATA[java.lang.AssertionError: expected [true] but found [false]
	at com.sapling.qa.testcases.LoginPageTest.SaplingLogoImageTest(LoginPageTest.java:35)
... Removed 29 stack frames]]>
    </failure>
  </testcase> <!-- SaplingLogoImageTest -->
  <testcase name="verifysignoff" time="3.392" classname="com.sapling.qa.testcases.HomePageTest"/>
  <testcase name="loginTest" time="1.724" classname="com.sapling.qa.testcases.LoginPageTest"/>
  <testcase name="verifyUserNameTest" time="0.0" classname="com.sapling.qa.testcases.HomePageTest">
    <ignored/>
  </testcase> <!-- verifyUserNameTest -->
  <testcase name="verifyContactsLinkTest" time="0.0" classname="com.sapling.qa.testcases.HomePageTest">
    <ignored/>
  </testcase> <!-- verifyContactsLinkTest -->
</testsuite> <!-- Free CRM App Test Cases -->
