<?xml version="1.0" encoding="UTF-8"?>
<!-- Generated by org.testng.reporters.JUnitXMLReporter -->
<testsuite hostname="Dizerc" ignored="2" name="Free CRM App Test Cases(failed)" tests="1" failures="1" timestamp="04 Dec 2018 08:27:04 GMT" time="10.909" errors="0">
  <testcase name="SaplingLogoImageTest" time="1.77" classname="com.sapling.qa.testcases.LoginPageTest">
    <failure type="java.lang.AssertionError" message="expected [true] but found [false]">
      <![CDATA[java.lang.AssertionError: expected [true] but found [false]
	at com.sapling.qa.testcases.LoginPageTest.SaplingLogoImageTest(LoginPageTest.java:35)
... Removed 29 stack frames]]>
    </failure>
  </testcase> <!-- SaplingLogoImageTest -->
  <testcase name="loginPageTitleTest" time="0.0" classname="com.sapling.qa.testcases.LoginPageTest">
    <ignored/>
  </testcase> <!-- loginPageTitleTest -->
  <testcase name="loginTest" time="0.0" classname="com.sapling.qa.testcases.LoginPageTest">
    <ignored/>
  </testcase> <!-- loginTest -->
</testsuite> <!-- Free CRM App Test Cases(failed) -->
