<?xml version="1.0" encoding="UTF-8"?>
<testng-results skipped="0" failed="1" ignored="2" total="7" passed="4">
  <reporter-output>
    <line>
      <![CDATA[Sapling HR]]>
    </line>
  </reporter-output>
  <suite name="Sapling Application Test Automation Test Suite" duration-ms="50128" started-at="2018-12-04T09:31:21Z" finished-at="2018-12-04T09:32:11Z">
    <groups>
    </groups>
    <test name="Sapling App Test Cases" duration-ms="50128" started-at="2018-12-04T09:31:21Z" finished-at="2018-12-04T09:32:11Z">
      <class name="com.sapling.qa.testcases.LoginPageTest">
        <test-method status="PASS" signature="setUp()[pri:0, instance:com.sapling.qa.testcases.LoginPageTest@3e6fa38a]" name="setUp" is-config="true" duration-ms="8477" started-at="2018-12-04T15:01:21Z" finished-at="2018-12-04T15:01:29Z">
          <reporter-output>
          </reporter-output>
        </test-method> <!-- setUp -->
        <test-method status="PASS" signature="loginPageTitleTest()[pri:1, instance:com.sapling.qa.testcases.LoginPageTest@3e6fa38a]" name="loginPageTitleTest" duration-ms="14" started-at="2018-12-04T15:01:29Z" finished-at="2018-12-04T15:01:29Z">
          <reporter-output>
          </reporter-output>
        </test-method> <!-- loginPageTitleTest -->
        <test-method status="PASS" signature="tearDown()[pri:0, instance:com.sapling.qa.testcases.LoginPageTest@3e6fa38a]" name="tearDown" is-config="true" duration-ms="635" started-at="2018-12-04T15:01:29Z" finished-at="2018-12-04T15:01:30Z">
          <reporter-output>
          </reporter-output>
        </test-method> <!-- tearDown -->
        <test-method status="PASS" signature="setUp()[pri:0, instance:com.sapling.qa.testcases.LoginPageTest@3e6fa38a]" name="setUp" is-config="true" duration-ms="6888" started-at="2018-12-04T15:01:40Z" finished-at="2018-12-04T15:01:47Z">
          <reporter-output>
          </reporter-output>
        </test-method> <!-- setUp -->
        <test-method status="FAIL" signature="SaplingLogoImageTest()[pri:2, instance:com.sapling.qa.testcases.LoginPageTest@3e6fa38a]" name="SaplingLogoImageTest" duration-ms="1265" started-at="2018-12-04T15:01:47Z" finished-at="2018-12-04T15:01:48Z">
          <exception class="java.lang.AssertionError">
            <message>
              <![CDATA[expected [true] but found [false]]]>
            </message>
            <full-stacktrace>
              <![CDATA[java.lang.AssertionError: expected [true] but found [false]
	at org.testng.Assert.fail(Assert.java:93)
	at org.testng.Assert.failNotEquals(Assert.java:512)
	at org.testng.Assert.assertTrue(Assert.java:41)
	at org.testng.Assert.assertTrue(Assert.java:51)
	at com.sapling.qa.testcases.LoginPageTest.SaplingLogoImageTest(LoginPageTest.java:35)
	at sun.reflect.NativeMethodAccessorImpl.invoke0(Native Method)
	at sun.reflect.NativeMethodAccessorImpl.invoke(NativeMethodAccessorImpl.java:62)
	at sun.reflect.DelegatingMethodAccessorImpl.invoke(DelegatingMethodAccessorImpl.java:43)
	at java.lang.reflect.Method.invoke(Method.java:498)
	at org.testng.internal.MethodInvocationHelper.invokeMethod(MethodInvocationHelper.java:108)
	at org.testng.internal.Invoker.invokeMethod(Invoker.java:661)
	at org.testng.internal.Invoker.invokeTestMethod(Invoker.java:869)
	at org.testng.internal.Invoker.invokeTestMethods(Invoker.java:1193)
	at org.testng.internal.TestMethodWorker.invokeTestMethods(TestMethodWorker.java:126)
	at org.testng.internal.TestMethodWorker.run(TestMethodWorker.java:109)
	at org.testng.TestRunner.privateRun(TestRunner.java:744)
	at org.testng.TestRunner.run(TestRunner.java:602)
	at org.testng.SuiteRunner.runTest(SuiteRunner.java:380)
	at org.testng.SuiteRunner.runSequentially(SuiteRunner.java:375)
	at org.testng.SuiteRunner.privateRun(SuiteRunner.java:340)
	at org.testng.SuiteRunner.run(SuiteRunner.java:289)
	at org.testng.SuiteRunnerWorker.runSuite(SuiteRunnerWorker.java:52)
	at org.testng.SuiteRunnerWorker.run(SuiteRunnerWorker.java:86)
	at org.testng.TestNG.runSuitesSequentially(TestNG.java:1301)
	at org.testng.TestNG.runSuitesLocally(TestNG.java:1226)
	at org.testng.TestNG.runSuites(TestNG.java:1144)
	at org.testng.TestNG.run(TestNG.java:1115)
	at org.testng.remote.AbstractRemoteTestNG.run(AbstractRemoteTestNG.java:114)
	at org.testng.remote.RemoteTestNG.initAndRun(RemoteTestNG.java:251)
	at org.testng.remote.RemoteTestNG.main(RemoteTestNG.java:77)
]]>
            </full-stacktrace>
          </exception> <!-- java.lang.AssertionError -->
          <reporter-output>
          </reporter-output>
        </test-method> <!-- SaplingLogoImageTest -->
        <test-method status="PASS" signature="tearDown()[pri:0, instance:com.sapling.qa.testcases.LoginPageTest@3e6fa38a]" name="tearDown" is-config="true" duration-ms="702" started-at="2018-12-04T15:01:48Z" finished-at="2018-12-04T15:01:49Z">
          <reporter-output>
          </reporter-output>
        </test-method> <!-- tearDown -->
        <test-method status="PASS" signature="setUp()[pri:0, instance:com.sapling.qa.testcases.LoginPageTest@3e6fa38a]" name="setUp" is-config="true" duration-ms="7037" started-at="2018-12-04T15:02:02Z" finished-at="2018-12-04T15:02:09Z">
          <reporter-output>
          </reporter-output>
        </test-method> <!-- setUp -->
        <test-method status="PASS" signature="loginTest()[pri:3, instance:com.sapling.qa.testcases.LoginPageTest@3e6fa38a]" name="loginTest" duration-ms="1311" started-at="2018-12-04T15:02:09Z" finished-at="2018-12-04T15:02:10Z">
          <reporter-output>
          </reporter-output>
        </test-method> <!-- loginTest -->
        <test-method status="PASS" signature="tearDown()[pri:0, instance:com.sapling.qa.testcases.LoginPageTest@3e6fa38a]" name="tearDown" is-config="true" duration-ms="633" started-at="2018-12-04T15:02:10Z" finished-at="2018-12-04T15:02:11Z">
          <reporter-output>
          </reporter-output>
        </test-method> <!-- tearDown -->
      </class> <!-- com.sapling.qa.testcases.LoginPageTest -->
      <class name="com.sapling.qa.testcases.HomePageTest">
        <test-method status="PASS" signature="setUp()[pri:0, instance:com.sapling.qa.testcases.HomePageTest@66a3ffec]" name="setUp" is-config="true" duration-ms="9630" started-at="2018-12-04T15:01:30Z" finished-at="2018-12-04T15:01:40Z">
          <reporter-output>
          </reporter-output>
        </test-method> <!-- setUp -->
        <test-method status="PASS" signature="verifyHomePageTitleTest()[pri:1, instance:com.sapling.qa.testcases.HomePageTest@66a3ffec]" name="verifyHomePageTitleTest" duration-ms="5" started-at="2018-12-04T15:01:40Z" finished-at="2018-12-04T15:01:40Z">
          <reporter-output>
            <line>
              <![CDATA[Sapling HR]]>
            </line>
          </reporter-output>
        </test-method> <!-- verifyHomePageTitleTest -->
        <test-method status="PASS" signature="tearDown()[pri:0, instance:com.sapling.qa.testcases.HomePageTest@66a3ffec]" name="tearDown" is-config="true" duration-ms="641" started-at="2018-12-04T15:01:40Z" finished-at="2018-12-04T15:01:40Z">
          <reporter-output>
          </reporter-output>
        </test-method> <!-- tearDown -->
        <test-method status="PASS" signature="setUp()[pri:0, instance:com.sapling.qa.testcases.HomePageTest@66a3ffec]" name="setUp" is-config="true" duration-ms="9228" started-at="2018-12-04T15:01:49Z" finished-at="2018-12-04T15:01:58Z">
          <reporter-output>
          </reporter-output>
        </test-method> <!-- setUp -->
        <test-method status="PASS" signature="verifysignoff()[pri:2, instance:com.sapling.qa.testcases.HomePageTest@66a3ffec]" name="verifysignoff" duration-ms="2951" started-at="2018-12-04T15:01:58Z" finished-at="2018-12-04T15:02:01Z">
          <reporter-output>
          </reporter-output>
        </test-method> <!-- verifysignoff -->
        <test-method status="PASS" signature="tearDown()[pri:0, instance:com.sapling.qa.testcases.HomePageTest@66a3ffec]" name="tearDown" is-config="true" duration-ms="684" started-at="2018-12-04T15:02:01Z" finished-at="2018-12-04T15:02:02Z">
          <reporter-output>
          </reporter-output>
        </test-method> <!-- tearDown -->
      </class> <!-- com.sapling.qa.testcases.HomePageTest -->
    </test> <!-- Sapling App Test Cases -->
  </suite> <!-- Sapling Application Test Automation Test Suite -->
</testng-results>
